<?xml version="1.0" encoding="UTF-8"?>
<!-- Generated by org.testng.reporters.JUnitXMLReporter -->
<testsuite ignored="0" hostname="LAPTOP-GTC0RSB6" failures="0" tests="13" name="Regression" time="89.18" errors="0" timestamp="2025-09-09T11:38:42 IST">
  <testcase classname="com.example.tests.LoginTests" name="testValidLoginNavigatesToInventoryPage" time="2.774"/>
  <testcase classname="com.example.tests.LoginTests" name="invalidLogin_shouldShowError" time="2.333"/>
  <testcase classname="com.example.tests.LoginTests" name="invalidPassword_shouldShowError" time="1.938"/>
  <testcase classname="com.example.tests.LoginTests" name="blankCredentials_shouldShowError" time="1.879"/>
  <testcase classname="com.example.tests.LoginTests" name="blankPassword" time="1.979"/>
  <testcase classname="com.example.tests.CartTests" name="addItemToCart_shouldIncreaseCartCount" time="0.918"/>
  <testcase classname="com.example.tests.CartTests" name="addMultipleItems_shouldAppearInCart" time="0.704"/>
  <testcase classname="com.example.tests.CartTests" name="cartShouldPersistAfterNavigation" time="0.722"/>
  <testcase classname="com.example.tests.CartTests" name="removeItemFromCart_shouldDecreaseCartCount" time="2.088"/>
  <testcase classname="com.example.tests.CheckoutTests" name="checkout_shouldCompleteOrder" time="2.167"/>
  <testcase classname="com.example.tests.CheckoutTests" name="checkout_missingFirstName_shouldShowError" time="2.023"/>
  <testcase classname="com.example.tests.CheckoutTests" name="checkout_missingLastName_shouldShowError" time="2.043"/>
  <testcase classname="com.example.tests.CheckoutTests" name="checkout_missingPostalCode_shouldShowError" time="0.969"/>
</testsuite> <!-- Regression -->
