<?xml version="1.0" encoding="UTF-8"?>
<!-- Generated by org.testng.reporters.JUnitXMLReporter -->
<testsuite ignored="0" hostname="LAPTOP-GTC0RSB6" failures="0" tests="13" name="Regression" time="75.129" errors="0" timestamp="2025-09-08T18:01:51 IST">
  <testcase classname="com.example.tests.LoginTests" name="testValidLoginNavigatesToInventoryPage" time="2.123"/>
  <testcase classname="com.example.tests.LoginTests" name="invalidLogin_shouldShowError" time="0.381"/>
  <testcase classname="com.example.tests.LoginTests" name="invalidPassword_shouldShowError" time="0.33"/>
  <testcase classname="com.example.tests.LoginTests" name="blankCredentials_shouldShowError" time="0.302"/>
  <testcase classname="com.example.tests.LoginTests" name="blankPassword" time="1.938"/>
  <testcase classname="com.example.tests.CartTests" name="addItemToCart_shouldIncreaseCartCount" time="0.518"/>
  <testcase classname="com.example.tests.CartTests" name="addMultipleItems_shouldAppearInCart" time="0.608"/>
  <testcase classname="com.example.tests.CartTests" name="cartShouldPersistAfterNavigation" time="0.767"/>
  <testcase classname="com.example.tests.CartTests" name="removeItemFromCart_shouldDecreaseCartCount" time="0.577"/>
  <testcase classname="com.example.tests.CheckoutTests" name="checkout_shouldCompleteOrder" time="0.916"/>
  <testcase classname="com.example.tests.CheckoutTests" name="checkout_missingFirstName_shouldShowError" time="0.867"/>
  <testcase classname="com.example.tests.CheckoutTests" name="checkout_missingLastName_shouldShowError" time="2.26"/>
  <testcase classname="com.example.tests.CheckoutTests" name="checkout_missingPostalCode_shouldShowError" time="2.089"/>
</testsuite> <!-- Regression -->
