<?xml version="1.0" encoding="UTF-8"?>
<testng-results ignored="0" total="16" passed="16" failed="0" skipped="0">
  <reporter-output>
  </reporter-output>
  <suite started-at="2025-09-09T11:21:41 IST" name="SauceDemo Suite" finished-at="2025-09-09T11:23:00 IST" duration-ms="79891">
    <groups>
      <group name="cucumber">
        <method signature="AbstractTestNGCucumberTests.runScenario(io.cucumber.testng.PickleWrapper,io.cucumber.testng.FeatureWrapper)[pri:0, instance:com.example.runners.TestRunner@23348b5d]" name="runScenario" class="io.cucumber.testng.AbstractTestNGCucumberTests"/>
      </group> <!-- cucumber -->
    </groups>
    <test started-at="2025-09-09T11:21:41 IST" name="Regression" finished-at="2025-09-09T11:22:47 IST" duration-ms="66282">
      <class name="com.example.tests.LoginTests">
        <test-method is-config="true" signature="setUp()[pri:0, instance:com.example.tests.LoginTests@747ddf94]" started-at="2025-09-09T11:21:41 IST" name="setUp" finished-at="2025-09-09T11:21:54 IST" duration-ms="12811" status="PASS">
          <reporter-output>
          </reporter-output>
        </test-method> <!-- setUp -->
        <test-method signature="testValidLoginNavigatesToInventoryPage()[pri:1, instance:com.example.tests.LoginTests@747ddf94]" started-at="2025-09-09T11:21:54 IST" name="testValidLoginNavigatesToInventoryPage" finished-at="2025-09-09T11:21:57 IST" duration-ms="3662" status="PASS">
          <reporter-output>
          </reporter-output>
        </test-method> <!-- testValidLoginNavigatesToInventoryPage -->
        <test-method is-config="true" signature="tearDown()[pri:0, instance:com.example.tests.LoginTests@747ddf94]" started-at="2025-09-09T11:21:57 IST" name="tearDown" finished-at="2025-09-09T11:21:58 IST" duration-ms="293" status="PASS">
          <reporter-output>
          </reporter-output>
        </test-method> <!-- tearDown -->
        <test-method is-config="true" signature="setUp()[pri:0, instance:com.example.tests.LoginTests@747ddf94]" started-at="2025-09-09T11:21:58 IST" name="setUp" finished-at="2025-09-09T11:21:59 IST" duration-ms="1716" status="PASS">
          <reporter-output>
          </reporter-output>
        </test-method> <!-- setUp -->
        <test-method signature="invalidLogin_shouldShowError()[pri:2, instance:com.example.tests.LoginTests@747ddf94]" started-at="2025-09-09T11:21:59 IST" name="invalidLogin_shouldShowError" finished-at="2025-09-09T11:22:02 IST" duration-ms="2750" status="PASS">
          <reporter-output>
          </reporter-output>
        </test-method> <!-- invalidLogin_shouldShowError -->
        <test-method is-config="true" signature="tearDown()[pri:0, instance:com.example.tests.LoginTests@747ddf94]" started-at="2025-09-09T11:22:02 IST" name="tearDown" finished-at="2025-09-09T11:22:03 IST" duration-ms="235" status="PASS">
          <reporter-output>
          </reporter-output>
        </test-method> <!-- tearDown -->
        <test-method is-config="true" signature="setUp()[pri:0, instance:com.example.tests.LoginTests@747ddf94]" started-at="2025-09-09T11:22:03 IST" name="setUp" finished-at="2025-09-09T11:22:04 IST" duration-ms="1648" status="PASS">
          <reporter-output>
          </reporter-output>
        </test-method> <!-- setUp -->
        <test-method signature="invalidPassword_shouldShowError()[pri:3, instance:com.example.tests.LoginTests@747ddf94]" started-at="2025-09-09T11:22:04 IST" name="invalidPassword_shouldShowError" finished-at="2025-09-09T11:22:06 IST" duration-ms="1953" status="PASS">
          <reporter-output>
          </reporter-output>
        </test-method> <!-- invalidPassword_shouldShowError -->
        <test-method is-config="true" signature="tearDown()[pri:0, instance:com.example.tests.LoginTests@747ddf94]" started-at="2025-09-09T11:22:06 IST" name="tearDown" finished-at="2025-09-09T11:22:06 IST" duration-ms="146" status="PASS">
          <reporter-output>
          </reporter-output>
        </test-method> <!-- tearDown -->
        <test-method is-config="true" signature="setUp()[pri:0, instance:com.example.tests.LoginTests@747ddf94]" started-at="2025-09-09T11:22:06 IST" name="setUp" finished-at="2025-09-09T11:22:08 IST" duration-ms="1759" status="PASS">
          <reporter-output>
          </reporter-output>
        </test-method> <!-- setUp -->
        <test-method signature="blankCredentials_shouldShowError()[pri:4, instance:com.example.tests.LoginTests@747ddf94]" started-at="2025-09-09T11:22:08 IST" name="blankCredentials_shouldShowError" finished-at="2025-09-09T11:22:10 IST" duration-ms="2070" status="PASS">
          <reporter-output>
          </reporter-output>
        </test-method> <!-- blankCredentials_shouldShowError -->
        <test-method is-config="true" signature="tearDown()[pri:0, instance:com.example.tests.LoginTests@747ddf94]" started-at="2025-09-09T11:22:10 IST" name="tearDown" finished-at="2025-09-09T11:22:11 IST" duration-ms="162" status="PASS">
          <reporter-output>
          </reporter-output>
        </test-method> <!-- tearDown -->
        <test-method is-config="true" signature="setUp()[pri:0, instance:com.example.tests.LoginTests@747ddf94]" started-at="2025-09-09T11:22:11 IST" name="setUp" finished-at="2025-09-09T11:22:14 IST" duration-ms="3036" status="PASS">
          <reporter-output>
          </reporter-output>
        </test-method> <!-- setUp -->
        <test-method signature="blankPassword()[pri:5, instance:com.example.tests.LoginTests@747ddf94]" started-at="2025-09-09T11:22:14 IST" name="blankPassword" finished-at="2025-09-09T11:22:14 IST" duration-ms="436" status="PASS">
          <reporter-output>
          </reporter-output>
        </test-method> <!-- blankPassword -->
        <test-method is-config="true" signature="tearDown()[pri:0, instance:com.example.tests.LoginTests@747ddf94]" started-at="2025-09-09T11:22:14 IST" name="tearDown" finished-at="2025-09-09T11:22:14 IST" duration-ms="111" status="PASS">
          <reporter-output>
          </reporter-output>
        </test-method> <!-- tearDown -->
      </class> <!-- com.example.tests.LoginTests -->
      <class name="com.example.tests.CartTests">
        <test-method is-config="true" signature="setUp()[pri:0, instance:com.example.tests.CartTests@3270d194]" started-at="2025-09-09T11:22:14 IST" name="setUp" finished-at="2025-09-09T11:22:17 IST" duration-ms="2936" status="PASS">
          <reporter-output>
          </reporter-output>
        </test-method> <!-- setUp -->
        <test-method signature="addItemToCart_shouldIncreaseCartCount()[pri:0, instance:com.example.tests.CartTests@3270d194]" started-at="2025-09-09T11:22:17 IST" name="addItemToCart_shouldIncreaseCartCount" finished-at="2025-09-09T11:22:18 IST" duration-ms="919" status="PASS">
          <reporter-output>
          </reporter-output>
        </test-method> <!-- addItemToCart_shouldIncreaseCartCount -->
        <test-method is-config="true" signature="tearDown()[pri:0, instance:com.example.tests.CartTests@3270d194]" started-at="2025-09-09T11:22:18 IST" name="tearDown" finished-at="2025-09-09T11:22:19 IST" duration-ms="520" status="PASS">
          <reporter-output>
          </reporter-output>
        </test-method> <!-- tearDown -->
        <test-method is-config="true" signature="setUp()[pri:0, instance:com.example.tests.CartTests@3270d194]" started-at="2025-09-09T11:22:19 IST" name="setUp" finished-at="2025-09-09T11:22:20 IST" duration-ms="1581" status="PASS">
          <reporter-output>
          </reporter-output>
        </test-method> <!-- setUp -->
        <test-method signature="addMultipleItems_shouldAppearInCart()[pri:0, instance:com.example.tests.CartTests@3270d194]" started-at="2025-09-09T11:22:20 IST" name="addMultipleItems_shouldAppearInCart" finished-at="2025-09-09T11:22:23 IST" duration-ms="2302" status="PASS">
          <reporter-output>
          </reporter-output>
        </test-method> <!-- addMultipleItems_shouldAppearInCart -->
        <test-method is-config="true" signature="tearDown()[pri:0, instance:com.example.tests.CartTests@3270d194]" started-at="2025-09-09T11:22:23 IST" name="tearDown" finished-at="2025-09-09T11:22:23 IST" duration-ms="142" status="PASS">
          <reporter-output>
          </reporter-output>
        </test-method> <!-- tearDown -->
        <test-method is-config="true" signature="setUp()[pri:0, instance:com.example.tests.CartTests@3270d194]" started-at="2025-09-09T11:22:23 IST" name="setUp" finished-at="2025-09-09T11:22:24 IST" duration-ms="1456" status="PASS">
          <reporter-output>
          </reporter-output>
        </test-method> <!-- setUp -->
        <test-method signature="cartShouldPersistAfterNavigation()[pri:0, instance:com.example.tests.CartTests@3270d194]" started-at="2025-09-09T11:22:24 IST" name="cartShouldPersistAfterNavigation" finished-at="2025-09-09T11:22:27 IST" duration-ms="2291" status="PASS">
          <reporter-output>
          </reporter-output>
        </test-method> <!-- cartShouldPersistAfterNavigation -->
        <test-method is-config="true" signature="tearDown()[pri:0, instance:com.example.tests.CartTests@3270d194]" started-at="2025-09-09T11:22:27 IST" name="tearDown" finished-at="2025-09-09T11:22:27 IST" duration-ms="158" status="PASS">
          <reporter-output>
          </reporter-output>
        </test-method> <!-- tearDown -->
        <test-method is-config="true" signature="setUp()[pri:0, instance:com.example.tests.CartTests@3270d194]" started-at="2025-09-09T11:22:27 IST" name="setUp" finished-at="2025-09-09T11:22:30 IST" duration-ms="3068" status="PASS">
          <reporter-output>
          </reporter-output>
        </test-method> <!-- setUp -->
        <test-method signature="removeItemFromCart_shouldDecreaseCartCount()[pri:0, instance:com.example.tests.CartTests@3270d194]" started-at="2025-09-09T11:22:30 IST" name="removeItemFromCart_shouldDecreaseCartCount" finished-at="2025-09-09T11:22:31 IST" duration-ms="704" status="PASS">
          <reporter-output>
          </reporter-output>
        </test-method> <!-- removeItemFromCart_shouldDecreaseCartCount -->
        <test-method is-config="true" signature="tearDown()[pri:0, instance:com.example.tests.CartTests@3270d194]" started-at="2025-09-09T11:22:31 IST" name="tearDown" finished-at="2025-09-09T11:22:31 IST" duration-ms="119" status="PASS">
          <reporter-output>
          </reporter-output>
        </test-method> <!-- tearDown -->
      </class> <!-- com.example.tests.CartTests -->
      <class name="com.example.tests.CheckoutTests">
        <test-method is-config="true" signature="setUp()[pri:0, instance:com.example.tests.CheckoutTests@235834f2]" started-at="2025-09-09T11:22:31 IST" name="setUp" finished-at="2025-09-09T11:22:32 IST" duration-ms="1393" status="PASS">
          <reporter-output>
          </reporter-output>
        </test-method> <!-- setUp -->
        <test-method signature="checkout_shouldCompleteOrder()[pri:1, instance:com.example.tests.CheckoutTests@235834f2]" started-at="2025-09-09T11:22:32 IST" name="checkout_shouldCompleteOrder" finished-at="2025-09-09T11:22:35 IST" duration-ms="2368" status="PASS">
          <reporter-output>
          </reporter-output>
        </test-method> <!-- checkout_shouldCompleteOrder -->
        <test-method is-config="true" signature="tearDown()[pri:0, instance:com.example.tests.CheckoutTests@235834f2]" started-at="2025-09-09T11:22:35 IST" name="tearDown" finished-at="2025-09-09T11:22:35 IST" duration-ms="125" status="PASS">
          <reporter-output>
          </reporter-output>
        </test-method> <!-- tearDown -->
        <test-method is-config="true" signature="setUp()[pri:0, instance:com.example.tests.CheckoutTests@235834f2]" started-at="2025-09-09T11:22:35 IST" name="setUp" finished-at="2025-09-09T11:22:38 IST" duration-ms="2785" status="PASS">
          <reporter-output>
          </reporter-output>
        </test-method> <!-- setUp -->
        <test-method signature="checkout_missingFirstName_shouldShowError()[pri:2, instance:com.example.tests.CheckoutTests@235834f2]" started-at="2025-09-09T11:22:38 IST" name="checkout_missingFirstName_shouldShowError" finished-at="2025-09-09T11:22:39 IST" duration-ms="913" status="PASS">
          <reporter-output>
          </reporter-output>
        </test-method> <!-- checkout_missingFirstName_shouldShowError -->
        <test-method is-config="true" signature="tearDown()[pri:0, instance:com.example.tests.CheckoutTests@235834f2]" started-at="2025-09-09T11:22:39 IST" name="tearDown" finished-at="2025-09-09T11:22:39 IST" duration-ms="152" status="PASS">
          <reporter-output>
          </reporter-output>
        </test-method> <!-- tearDown -->
        <test-method is-config="true" signature="setUp()[pri:0, instance:com.example.tests.CheckoutTests@235834f2]" started-at="2025-09-09T11:22:39 IST" name="setUp" finished-at="2025-09-09T11:22:42 IST" duration-ms="2710" status="PASS">
          <reporter-output>
          </reporter-output>
        </test-method> <!-- setUp -->
        <test-method signature="checkout_missingLastName_shouldShowError()[pri:3, instance:com.example.tests.CheckoutTests@235834f2]" started-at="2025-09-09T11:22:42 IST" name="checkout_missingLastName_shouldShowError" finished-at="2025-09-09T11:22:43 IST" duration-ms="914" status="PASS">
          <reporter-output>
          </reporter-output>
        </test-method> <!-- checkout_missingLastName_shouldShowError -->
        <test-method is-config="true" signature="tearDown()[pri:0, instance:com.example.tests.CheckoutTests@235834f2]" started-at="2025-09-09T11:22:43 IST" name="tearDown" finished-at="2025-09-09T11:22:43 IST" duration-ms="199" status="PASS">
          <reporter-output>
          </reporter-output>
        </test-method> <!-- tearDown -->
        <test-method is-config="true" signature="setUp()[pri:0, instance:com.example.tests.CheckoutTests@235834f2]" started-at="2025-09-09T11:22:43 IST" name="setUp" finished-at="2025-09-09T11:22:46 IST" duration-ms="2876" status="PASS">
          <reporter-output>
          </reporter-output>
        </test-method> <!-- setUp -->
        <test-method signature="checkout_missingPostalCode_shouldShowError()[pri:4, instance:com.example.tests.CheckoutTests@235834f2]" started-at="2025-09-09T11:22:46 IST" name="checkout_missingPostalCode_shouldShowError" finished-at="2025-09-09T11:22:47 IST" duration-ms="880" status="PASS">
          <reporter-output>
          </reporter-output>
        </test-method> <!-- checkout_missingPostalCode_shouldShowError -->
        <test-method is-config="true" signature="tearDown()[pri:0, instance:com.example.tests.CheckoutTests@235834f2]" started-at="2025-09-09T11:22:47 IST" name="tearDown" finished-at="2025-09-09T11:22:47 IST" duration-ms="132" status="PASS">
          <reporter-output>
          </reporter-output>
        </test-method> <!-- tearDown -->
      </class> <!-- com.example.tests.CheckoutTests -->
    </test> <!-- Regression -->
    <test started-at="2025-09-09T11:22:47 IST" name="Cucumber BDD Tests" finished-at="2025-09-09T11:23:00 IST" duration-ms="13581">
      <class name="com.example.runners.TestRunner">
        <test-method is-config="true" signature="setUpClass(org.testng.ITestContext)[pri:0, instance:com.example.runners.TestRunner@23348b5d]" started-at="2025-09-09T11:22:47 IST" name="setUpClass" finished-at="2025-09-09T11:22:48 IST" duration-ms="772" status="PASS">
          <params>
            <param index="0">
              <value>
                <![CDATA[org.testng.TestRunner@5d68be4f]]>
              </value>
            </param>
          </params>
          <reporter-output>
          </reporter-output>
        </test-method> <!-- setUpClass -->
        <test-method signature="runScenario(io.cucumber.testng.PickleWrapper,io.cucumber.testng.FeatureWrapper)[pri:0, instance:com.example.runners.TestRunner@23348b5d]" started-at="2025-09-09T11:22:48 IST" name="runScenario" description="Runs Cucumber Scenarios" data-provider="scenarios" finished-at="2025-09-09T11:22:51 IST" duration-ms="3695" status="PASS">
          <params>
            <param index="0">
              <value>
                <![CDATA["Verify inventory page title"]]>
              </value>
            </param>
            <param index="1">
              <value>
                <![CDATA["Inventory Page"]]>
              </value>
            </param>
          </params>
          <reporter-output>
          </reporter-output>
        </test-method> <!-- runScenario -->
        <test-method signature="runScenario(io.cucumber.testng.PickleWrapper,io.cucumber.testng.FeatureWrapper)[pri:0, instance:com.example.runners.TestRunner@23348b5d]" started-at="2025-09-09T11:22:51 IST" name="runScenario" description="Runs Cucumber Scenarios" data-provider="scenarios" finished-at="2025-09-09T11:22:56 IST" duration-ms="4584" status="PASS">
          <params>
            <param index="0">
              <value>
                <![CDATA["Add first item to cart should increase cart badge"]]>
              </value>
            </param>
            <param index="1">
              <value>
                <![CDATA["Inventory Page"]]>
              </value>
            </param>
          </params>
          <reporter-output>
          </reporter-output>
        </test-method> <!-- runScenario -->
        <test-method signature="runScenario(io.cucumber.testng.PickleWrapper,io.cucumber.testng.FeatureWrapper)[pri:0, instance:com.example.runners.TestRunner@23348b5d]" started-at="2025-09-09T11:22:56 IST" name="runScenario" description="Runs Cucumber Scenarios" data-provider="scenarios" finished-at="2025-09-09T11:23:00 IST" duration-ms="4464" status="PASS">
          <params>
            <param index="0">
              <value>
                <![CDATA["Cart badge should not appear when no items added"]]>
              </value>
            </param>
            <param index="1">
              <value>
                <![CDATA["Inventory Page"]]>
              </value>
            </param>
          </params>
          <reporter-output>
          </reporter-output>
        </test-method> <!-- runScenario -->
        <test-method is-config="true" signature="tearDownClass()[pri:0, instance:com.example.runners.TestRunner@23348b5d]" started-at="2025-09-09T11:23:00 IST" name="tearDownClass" finished-at="2025-09-09T11:23:00 IST" duration-ms="49" status="PASS">
          <reporter-output>
          </reporter-output>
        </test-method> <!-- tearDownClass -->
      </class> <!-- com.example.runners.TestRunner -->
    </test> <!-- Cucumber BDD Tests -->
  </suite> <!-- SauceDemo Suite -->
</testng-results>
