<?xml version="1.0" encoding="UTF-8"?>
<testsuite xmlns:xsi="http://www.w3.org/2001/XMLSchema-instance" xsi:noNamespaceSchemaLocation="https://maven.apache.org/surefire/maven-surefire-plugin/xsd/surefire-test-report-3.0.xsd" version="3.0" name="TestSuite" time="83.526" tests="16" errors="0" skipped="0" failures="0">
  <properties>
[...]
</properties>
  <testcase name="testValidLoginNavigatesToInventoryPage" classname="com.example.tests.LoginTests" time="3.939">
    <system-err><![CDATA[SLF4J(W): No SLF4J providers were found.
SLF4J(W): Defaulting to no-operation (NOP) logger implementation
SLF4J(W): See https://www.slf4j.org/codes.html#noProviders for further details.
Sept 09, 2025 11:21:53 AM org.openqa.selenium.devtools.CdpVersionFinder findNearestMatch
WARNING: Unable to find CDP implementation matching 139
Sept 09, 2025 11:21:53 AM org.openqa.selenium.chromium.ChromiumDriver lambda$new$5
WARNING: Unable to find version of CDP to use for 139.0.7258.155. You may need to include a dependency on a specific version of the CDP using something similar to `org.seleniumhq.selenium:selenium-devtools-v86:4.22.0` where the version ("v86") matches the version of the chromium-based browser you're using and the version number of the artifact is the same as Selenium's.
]]></system-err>
  </testcase>
  <testcase name="invalidLogin_shouldShowError" classname="com.example.tests.LoginTests" time="2.876">
    <system-err><![CDATA[Sept 09, 2025 11:21:59 AM org.openqa.selenium.devtools.CdpVersionFinder findNearestMatch
WARNING: Unable to find CDP implementation matching 139
Sept 09, 2025 11:21:59 AM org.openqa.selenium.chromium.ChromiumDriver lambda$new$5
WARNING: Unable to find version of CDP to use for 139.0.7258.155. You may need to include a dependency on a specific version of the CDP using something similar to `org.seleniumhq.selenium:selenium-devtools-v86:4.22.0` where the version ("v86") matches the version of the chromium-based browser you're using and the version number of the artifact is the same as Selenium's.
]]></system-err>
  </testcase>
  <testcase name="invalidPassword_shouldShowError" classname="com.example.tests.LoginTests" time="2.079">
    <system-err><![CDATA[Sept 09, 2025 11:22:04 AM org.openqa.selenium.devtools.CdpVersionFinder findNearestMatch
WARNING: Unable to find CDP implementation matching 139
Sept 09, 2025 11:22:04 AM org.openqa.selenium.chromium.ChromiumDriver lambda$new$5
WARNING: Unable to find version of CDP to use for 139.0.7258.155. You may need to include a dependency on a specific version of the CDP using something similar to `org.seleniumhq.selenium:selenium-devtools-v86:4.22.0` where the version ("v86") matches the version of the chromium-based browser you're using and the version number of the artifact is the same as Selenium's.
]]></system-err>
  </testcase>
  <testcase name="blankCredentials_shouldShowError" classname="com.example.tests.LoginTests" time="2.18">
    <system-err><![CDATA[Sept 09, 2025 11:22:08 AM org.openqa.selenium.devtools.CdpVersionFinder findNearestMatch
WARNING: Unable to find CDP implementation matching 139
Sept 09, 2025 11:22:08 AM org.openqa.selenium.chromium.ChromiumDriver lambda$new$5
WARNING: Unable to find version of CDP to use for 139.0.7258.155. You may need to include a dependency on a specific version of the CDP using something similar to `org.seleniumhq.selenium:selenium-devtools-v86:4.22.0` where the version ("v86") matches the version of the chromium-based browser you're using and the version number of the artifact is the same as Selenium's.
]]></system-err>
  </testcase>
  <testcase name="blankPassword" classname="com.example.tests.LoginTests" time="0.53">
    <system-err><![CDATA[Sept 09, 2025 11:22:12 AM org.openqa.selenium.devtools.CdpVersionFinder findNearestMatch
WARNING: Unable to find CDP implementation matching 139
Sept 09, 2025 11:22:12 AM org.openqa.selenium.chromium.ChromiumDriver lambda$new$5
WARNING: Unable to find version of CDP to use for 139.0.7258.155. You may need to include a dependency on a specific version of the CDP using something similar to `org.seleniumhq.selenium:selenium-devtools-v86:4.22.0` where the version ("v86") matches the version of the chromium-based browser you're using and the version number of the artifact is the same as Selenium's.
]]></system-err>
  </testcase>
  <testcase name="addItemToCart_shouldIncreaseCartCount" classname="com.example.tests.CartTests" time="1.044">
    <system-err><![CDATA[Sept 09, 2025 11:22:15 AM org.openqa.selenium.devtools.CdpVersionFinder findNearestMatch
WARNING: Unable to find CDP implementation matching 139
Sept 09, 2025 11:22:15 AM org.openqa.selenium.chromium.ChromiumDriver lambda$new$5
WARNING: Unable to find version of CDP to use for 139.0.7258.155. You may need to include a dependency on a specific version of the CDP using something similar to `org.seleniumhq.selenium:selenium-devtools-v86:4.22.0` where the version ("v86") matches the version of the chromium-based browser you're using and the version number of the artifact is the same as Selenium's.
]]></system-err>
  </testcase>
  <testcase name="addMultipleItems_shouldAppearInCart" classname="com.example.tests.CartTests" time="2.418">
    <system-err><![CDATA[Sept 09, 2025 11:22:20 AM org.openqa.selenium.devtools.CdpVersionFinder findNearestMatch
WARNING: Unable to find CDP implementation matching 139
Sept 09, 2025 11:22:20 AM org.openqa.selenium.chromium.ChromiumDriver lambda$new$5
WARNING: Unable to find version of CDP to use for 139.0.7258.155. You may need to include a dependency on a specific version of the CDP using something similar to `org.seleniumhq.selenium:selenium-devtools-v86:4.22.0` where the version ("v86") matches the version of the chromium-based browser you're using and the version number of the artifact is the same as Selenium's.
]]></system-err>
  </testcase>
  <testcase name="cartShouldPersistAfterNavigation" classname="com.example.tests.CartTests" time="2.427">
    <system-err><![CDATA[Sept 09, 2025 11:22:24 AM org.openqa.selenium.devtools.CdpVersionFinder findNearestMatch
WARNING: Unable to find CDP implementation matching 139
Sept 09, 2025 11:22:24 AM org.openqa.selenium.chromium.ChromiumDriver lambda$new$5
WARNING: Unable to find version of CDP to use for 139.0.7258.155. You may need to include a dependency on a specific version of the CDP using something similar to `org.seleniumhq.selenium:selenium-devtools-v86:4.22.0` where the version ("v86") matches the version of the chromium-based browser you're using and the version number of the artifact is the same as Selenium's.
]]></system-err>
  </testcase>
  <testcase name="removeItemFromCart_shouldDecreaseCartCount" classname="com.example.tests.CartTests" time="0.802">
    <system-err><![CDATA[Sept 09, 2025 11:22:28 AM org.openqa.selenium.devtools.CdpVersionFinder findNearestMatch
WARNING: Unable to find CDP implementation matching 139
Sept 09, 2025 11:22:28 AM org.openqa.selenium.chromium.ChromiumDriver lambda$new$5
WARNING: Unable to find version of CDP to use for 139.0.7258.155. You may need to include a dependency on a specific version of the CDP using something similar to `org.seleniumhq.selenium:selenium-devtools-v86:4.22.0` where the version ("v86") matches the version of the chromium-based browser you're using and the version number of the artifact is the same as Selenium's.
]]></system-err>
  </testcase>
  <testcase name="checkout_shouldCompleteOrder" classname="com.example.tests.CheckoutTests" time="2.494">
    <system-out><![CDATA[Success header: Thank you for your order!
]]></system-out>
    <system-err><![CDATA[Sept 09, 2025 11:22:32 AM org.openqa.selenium.devtools.CdpVersionFinder findNearestMatch
WARNING: Unable to find CDP implementation matching 139
Sept 09, 2025 11:22:32 AM org.openqa.selenium.chromium.ChromiumDriver lambda$new$5
WARNING: Unable to find version of CDP to use for 139.0.7258.155. You may need to include a dependency on a specific version of the CDP using something similar to `org.seleniumhq.selenium:selenium-devtools-v86:4.22.0` where the version ("v86") matches the version of the chromium-based browser you're using and the version number of the artifact is the same as Selenium's.
]]></system-err>
  </testcase>
  <testcase name="checkout_missingFirstName_shouldShowError" classname="com.example.tests.CheckoutTests" time="1.036">
    <system-out><![CDATA[Error text: Error: First Name is required
]]></system-out>
    <system-err><![CDATA[Sept 09, 2025 11:22:36 AM org.openqa.selenium.devtools.CdpVersionFinder findNearestMatch
WARNING: Unable to find CDP implementation matching 139
Sept 09, 2025 11:22:36 AM org.openqa.selenium.chromium.ChromiumDriver lambda$new$5
WARNING: Unable to find version of CDP to use for 139.0.7258.155. You may need to include a dependency on a specific version of the CDP using something similar to `org.seleniumhq.selenium:selenium-devtools-v86:4.22.0` where the version ("v86") matches the version of the chromium-based browser you're using and the version number of the artifact is the same as Selenium's.
]]></system-err>
  </testcase>
  <testcase name="checkout_missingLastName_shouldShowError" classname="com.example.tests.CheckoutTests" time="1.045">
    <system-out><![CDATA[Error text: Error: Last Name is required
]]></system-out>
    <system-err><![CDATA[Sept 09, 2025 11:22:40 AM org.openqa.selenium.devtools.CdpVersionFinder findNearestMatch
WARNING: Unable to find CDP implementation matching 139
Sept 09, 2025 11:22:40 AM org.openqa.selenium.chromium.ChromiumDriver lambda$new$5
WARNING: Unable to find version of CDP to use for 139.0.7258.155. You may need to include a dependency on a specific version of the CDP using something similar to `org.seleniumhq.selenium:selenium-devtools-v86:4.22.0` where the version ("v86") matches the version of the chromium-based browser you're using and the version number of the artifact is the same as Selenium's.
]]></system-err>
  </testcase>
  <testcase name="checkout_missingPostalCode_shouldShowError" classname="com.example.tests.CheckoutTests" time="0.978">
    <system-out><![CDATA[Error text: Error: Postal Code is required
]]></system-out>
    <system-err><![CDATA[Sept 09, 2025 11:22:44 AM org.openqa.selenium.devtools.CdpVersionFinder findNearestMatch
WARNING: Unable to find CDP implementation matching 139
Sept 09, 2025 11:22:44 AM org.openqa.selenium.chromium.ChromiumDriver lambda$new$5
WARNING: Unable to find version of CDP to use for 139.0.7258.155. You may need to include a dependency on a specific version of the CDP using something similar to `org.seleniumhq.selenium:selenium-devtools-v86:4.22.0` where the version ("v86") matches the version of the chromium-based browser you're using and the version number of the artifact is the same as Selenium's.
]]></system-err>
  </testcase>
  <testcase name="runScenario[&quot;Verify inventory page title&quot;, &quot;Inventory Page&quot;](1)" classname="com.example.runners.TestRunner" time="3.693">
    <system-out><![CDATA[
Scenario: Verify inventory page title                                            # src/test/resources/features/Inventory.feature:3
  Given I am logged in with username "standard_user" and password "secret_sauce" # com.example.stepDefinitions.InventorySteps.i_am_logged_in_with_username_and_password(java.lang.String,java.lang.String)
  Then the inventory page title should be "Products"                             # com.example.stepDefinitions.InventorySteps.the_inventory_page_title_should_be(java.lang.String)
]]></system-out>
    <system-err><![CDATA[Sept 09, 2025 11:22:49 AM org.openqa.selenium.devtools.CdpVersionFinder findNearestMatch
WARNING: Unable to find CDP implementation matching 139
Sept 09, 2025 11:22:49 AM org.openqa.selenium.chromium.ChromiumDriver lambda$new$5
WARNING: Unable to find version of CDP to use for 139.0.7258.155. You may need to include a dependency on a specific version of the CDP using something similar to `org.seleniumhq.selenium:selenium-devtools-v86:4.22.0` where the version ("v86") matches the version of the chromium-based browser you're using and the version number of the artifact is the same as Selenium's.
]]></system-err>
  </testcase>
  <testcase name="runScenario[&quot;Add first item to cart should increase cart badge&quot;, &quot;Inventory Page&quot;](2)" classname="com.example.runners.TestRunner" time="4.59">
    <system-out><![CDATA[
Scenario: Add first item to cart should increase cart badge                      # src/test/resources/features/Inventory.feature:7
  Given I am logged in with username "standard_user" and password "secret_sauce" # com.example.stepDefinitions.InventorySteps.i_am_logged_in_with_username_and_password(java.lang.String,java.lang.String)
  When I add the first item to the cart                                          # com.example.stepDefinitions.InventorySteps.i_add_the_first_item_to_the_cart()
  Then the cart badge should show "1"                                            # com.example.stepDefinitions.InventorySteps.the_cart_badge_should_show(java.lang.String)
]]></system-out>
    <system-err><![CDATA[Sept 09, 2025 11:22:52 AM org.openqa.selenium.devtools.CdpVersionFinder findNearestMatch
WARNING: Unable to find CDP implementation matching 139
Sept 09, 2025 11:22:52 AM org.openqa.selenium.chromium.ChromiumDriver lambda$new$5
WARNING: Unable to find version of CDP to use for 139.0.7258.155. You may need to include a dependency on a specific version of the CDP using something similar to `org.seleniumhq.selenium:selenium-devtools-v86:4.22.0` where the version ("v86") matches the version of the chromium-based browser you're using and the version number of the artifact is the same as Selenium's.
]]></system-err>
  </testcase>
  <testcase name="runScenario[&quot;Cart badge should not appear when no items added&quot;, &quot;Inventory Page&quot;](3)" classname="com.example.runners.TestRunner" time="4.465">
    <system-out><![CDATA[
Scenario: Cart badge should not appear when no items added                       # src/test/resources/features/Inventory.feature:12
  Given I am logged in with username "standard_user" and password "secret_sauce" # com.example.stepDefinitions.InventorySteps.i_am_logged_in_with_username_and_password(java.lang.String,java.lang.String)
  Then the cart badge should show "0"                                            # com.example.stepDefinitions.InventorySteps.the_cart_badge_should_show(java.lang.String)
]]></system-out>
    <system-err><![CDATA[Sept 09, 2025 11:22:57 AM org.openqa.selenium.devtools.CdpVersionFinder findNearestMatch
WARNING: Unable to find CDP implementation matching 139
Sept 09, 2025 11:22:57 AM org.openqa.selenium.chromium.ChromiumDriver lambda$new$5
WARNING: Unable to find version of CDP to use for 139.0.7258.155. You may need to include a dependency on a specific version of the CDP using something similar to `org.seleniumhq.selenium:selenium-devtools-v86:4.22.0` where the version ("v86") matches the version of the chromium-based browser you're using and the version number of the artifact is the same as Selenium's.
]]></system-err>
  </testcase>
</testsuite>