<?xml version="1.0" encoding="UTF-8"?>
<testng-results ignored="0" total="16" passed="16" failed="0" skipped="0">
  <reporter-output>
  </reporter-output>
  <suite started-at="2025-09-07T14:30:02 IST" name="SauceDemo Suite" finished-at="2025-09-07T14:32:00 IST" duration-ms="117522">
    <groups>
      <group name="cucumber">
        <method signature="AbstractTestNGCucumberTests.runScenario(io.cucumber.testng.PickleWrapper,io.cucumber.testng.FeatureWrapper)[pri:0, instance:com.example.runners.TestRunner@1649b0e6]" name="runScenario" class="io.cucumber.testng.AbstractTestNGCucumberTests"/>
      </group> <!-- cucumber -->
    </groups>
    <test started-at="2025-09-07T14:30:02 IST" name="Regression" finished-at="2025-09-07T14:31:44 IST" duration-ms="102129">
      <class name="com.example.tests.LoginTests">
        <test-method is-config="true" signature="setUp()[pri:0, instance:com.example.tests.LoginTests@4c178a76]" started-at="2025-09-07T14:30:02 IST" name="setUp" finished-at="2025-09-07T14:30:09 IST" duration-ms="7274" status="PASS">
          <reporter-output>
          </reporter-output>
        </test-method> <!-- setUp -->
        <test-method signature="testValidLoginNavigatesToInventoryPage()[pri:1, instance:com.example.tests.LoginTests@4c178a76]" started-at="2025-09-07T14:30:09 IST" name="testValidLoginNavigatesToInventoryPage" finished-at="2025-09-07T14:30:10 IST" duration-ms="546" status="PASS">
          <reporter-output>
          </reporter-output>
        </test-method> <!-- testValidLoginNavigatesToInventoryPage -->
        <test-method is-config="true" signature="tearDown()[pri:0, instance:com.example.tests.LoginTests@4c178a76]" started-at="2025-09-07T14:30:10 IST" name="tearDown" finished-at="2025-09-07T14:30:11 IST" duration-ms="442" status="PASS">
          <reporter-output>
          </reporter-output>
        </test-method> <!-- tearDown -->
        <test-method is-config="true" signature="setUp()[pri:0, instance:com.example.tests.LoginTests@4c178a76]" started-at="2025-09-07T14:30:11 IST" name="setUp" finished-at="2025-09-07T14:30:14 IST" duration-ms="3033" status="PASS">
          <reporter-output>
          </reporter-output>
        </test-method> <!-- setUp -->
        <test-method signature="invalidLogin_shouldShowError()[pri:2, instance:com.example.tests.LoginTests@4c178a76]" started-at="2025-09-07T14:30:14 IST" name="invalidLogin_shouldShowError" finished-at="2025-09-07T14:30:14 IST" duration-ms="433" status="PASS">
          <reporter-output>
          </reporter-output>
        </test-method> <!-- invalidLogin_shouldShowError -->
        <test-method is-config="true" signature="tearDown()[pri:0, instance:com.example.tests.LoginTests@4c178a76]" started-at="2025-09-07T14:30:14 IST" name="tearDown" finished-at="2025-09-07T14:30:14 IST" duration-ms="271" status="PASS">
          <reporter-output>
          </reporter-output>
        </test-method> <!-- tearDown -->
        <test-method is-config="true" signature="setUp()[pri:0, instance:com.example.tests.LoginTests@4c178a76]" started-at="2025-09-07T14:30:14 IST" name="setUp" finished-at="2025-09-07T14:30:16 IST" duration-ms="1794" status="PASS">
          <reporter-output>
          </reporter-output>
        </test-method> <!-- setUp -->
        <test-method signature="invalidPassword_shouldShowError()[pri:3, instance:com.example.tests.LoginTests@4c178a76]" started-at="2025-09-07T14:30:16 IST" name="invalidPassword_shouldShowError" finished-at="2025-09-07T14:30:18 IST" duration-ms="1859" status="PASS">
          <reporter-output>
          </reporter-output>
        </test-method> <!-- invalidPassword_shouldShowError -->
        <test-method is-config="true" signature="tearDown()[pri:0, instance:com.example.tests.LoginTests@4c178a76]" started-at="2025-09-07T14:30:18 IST" name="tearDown" finished-at="2025-09-07T14:30:18 IST" duration-ms="236" status="PASS">
          <reporter-output>
          </reporter-output>
        </test-method> <!-- tearDown -->
        <test-method is-config="true" signature="setUp()[pri:0, instance:com.example.tests.LoginTests@4c178a76]" started-at="2025-09-07T14:30:18 IST" name="setUp" finished-at="2025-09-07T14:30:20 IST" duration-ms="1580" status="PASS">
          <reporter-output>
          </reporter-output>
        </test-method> <!-- setUp -->
        <test-method signature="blankCredentials_shouldShowError()[pri:4, instance:com.example.tests.LoginTests@4c178a76]" started-at="2025-09-07T14:30:20 IST" name="blankCredentials_shouldShowError" finished-at="2025-09-07T14:30:22 IST" duration-ms="1793" status="PASS">
          <reporter-output>
          </reporter-output>
        </test-method> <!-- blankCredentials_shouldShowError -->
        <test-method is-config="true" signature="tearDown()[pri:0, instance:com.example.tests.LoginTests@4c178a76]" started-at="2025-09-07T14:30:22 IST" name="tearDown" finished-at="2025-09-07T14:30:22 IST" duration-ms="240" status="PASS">
          <reporter-output>
          </reporter-output>
        </test-method> <!-- tearDown -->
        <test-method is-config="true" signature="setUp()[pri:0, instance:com.example.tests.LoginTests@4c178a76]" started-at="2025-09-07T14:30:22 IST" name="setUp" finished-at="2025-09-07T14:30:46 IST" duration-ms="23520" status="PASS">
          <reporter-output>
          </reporter-output>
        </test-method> <!-- setUp -->
        <test-method signature="blankPassword()[pri:5, instance:com.example.tests.LoginTests@4c178a76]" started-at="2025-09-07T14:30:46 IST" name="blankPassword" finished-at="2025-09-07T14:30:46 IST" duration-ms="392" status="PASS">
          <reporter-output>
          </reporter-output>
        </test-method> <!-- blankPassword -->
        <test-method is-config="true" signature="tearDown()[pri:0, instance:com.example.tests.LoginTests@4c178a76]" started-at="2025-09-07T14:30:46 IST" name="tearDown" finished-at="2025-09-07T14:30:46 IST" duration-ms="169" status="PASS">
          <reporter-output>
          </reporter-output>
        </test-method> <!-- tearDown -->
      </class> <!-- com.example.tests.LoginTests -->
      <class name="com.example.tests.CartTests">
        <test-method is-config="true" signature="setUp()[pri:0, instance:com.example.tests.CartTests@71e9ddb4]" started-at="2025-09-07T14:30:46 IST" name="setUp" finished-at="2025-09-07T14:30:49 IST" duration-ms="3060" status="PASS">
          <reporter-output>
          </reporter-output>
        </test-method> <!-- setUp -->
        <test-method signature="addItemToCart_shouldIncreaseCartCount()[pri:0, instance:com.example.tests.CartTests@71e9ddb4]" started-at="2025-09-07T14:30:49 IST" name="addItemToCart_shouldIncreaseCartCount" finished-at="2025-09-07T14:30:50 IST" duration-ms="612" status="PASS">
          <reporter-output>
          </reporter-output>
        </test-method> <!-- addItemToCart_shouldIncreaseCartCount -->
        <test-method is-config="true" signature="tearDown()[pri:0, instance:com.example.tests.CartTests@71e9ddb4]" started-at="2025-09-07T14:30:50 IST" name="tearDown" finished-at="2025-09-07T14:30:50 IST" duration-ms="245" status="PASS">
          <reporter-output>
          </reporter-output>
        </test-method> <!-- tearDown -->
        <test-method is-config="true" signature="setUp()[pri:0, instance:com.example.tests.CartTests@71e9ddb4]" started-at="2025-09-07T14:30:50 IST" name="setUp" finished-at="2025-09-07T14:30:52 IST" duration-ms="1620" status="PASS">
          <reporter-output>
          </reporter-output>
        </test-method> <!-- setUp -->
        <test-method signature="addMultipleItems_shouldAppearInCart()[pri:0, instance:com.example.tests.CartTests@71e9ddb4]" started-at="2025-09-07T14:30:52 IST" name="addMultipleItems_shouldAppearInCart" finished-at="2025-09-07T14:30:54 IST" duration-ms="2167" status="PASS">
          <reporter-output>
          </reporter-output>
        </test-method> <!-- addMultipleItems_shouldAppearInCart -->
        <test-method is-config="true" signature="tearDown()[pri:0, instance:com.example.tests.CartTests@71e9ddb4]" started-at="2025-09-07T14:30:54 IST" name="tearDown" finished-at="2025-09-07T14:30:55 IST" duration-ms="235" status="PASS">
          <reporter-output>
          </reporter-output>
        </test-method> <!-- tearDown -->
        <test-method is-config="true" signature="setUp()[pri:0, instance:com.example.tests.CartTests@71e9ddb4]" started-at="2025-09-07T14:30:55 IST" name="setUp" finished-at="2025-09-07T14:30:58 IST" duration-ms="2978" status="PASS">
          <reporter-output>
          </reporter-output>
        </test-method> <!-- setUp -->
        <test-method signature="cartShouldPersistAfterNavigation()[pri:0, instance:com.example.tests.CartTests@71e9ddb4]" started-at="2025-09-07T14:30:58 IST" name="cartShouldPersistAfterNavigation" finished-at="2025-09-07T14:30:58 IST" duration-ms="827" status="PASS">
          <reporter-output>
          </reporter-output>
        </test-method> <!-- cartShouldPersistAfterNavigation -->
        <test-method is-config="true" signature="tearDown()[pri:0, instance:com.example.tests.CartTests@71e9ddb4]" started-at="2025-09-07T14:30:58 IST" name="tearDown" finished-at="2025-09-07T14:30:59 IST" duration-ms="279" status="PASS">
          <reporter-output>
          </reporter-output>
        </test-method> <!-- tearDown -->
        <test-method is-config="true" signature="setUp()[pri:0, instance:com.example.tests.CartTests@71e9ddb4]" started-at="2025-09-07T14:30:59 IST" name="setUp" finished-at="2025-09-07T14:31:00 IST" duration-ms="1521" status="PASS">
          <reporter-output>
          </reporter-output>
        </test-method> <!-- setUp -->
        <test-method signature="removeItemFromCart_shouldDecreaseCartCount()[pri:0, instance:com.example.tests.CartTests@71e9ddb4]" started-at="2025-09-07T14:31:00 IST" name="removeItemFromCart_shouldDecreaseCartCount" finished-at="2025-09-07T14:31:23 IST" duration-ms="23077" status="PASS">
          <reporter-output>
          </reporter-output>
        </test-method> <!-- removeItemFromCart_shouldDecreaseCartCount -->
        <test-method is-config="true" signature="tearDown()[pri:0, instance:com.example.tests.CartTests@71e9ddb4]" started-at="2025-09-07T14:31:23 IST" name="tearDown" finished-at="2025-09-07T14:31:24 IST" duration-ms="383" status="PASS">
          <reporter-output>
          </reporter-output>
        </test-method> <!-- tearDown -->
      </class> <!-- com.example.tests.CartTests -->
      <class name="com.example.tests.CheckoutTests">
        <test-method is-config="true" signature="setUp()[pri:0, instance:com.example.tests.CheckoutTests@394df057]" started-at="2025-09-07T14:31:24 IST" name="setUp" finished-at="2025-09-07T14:31:27 IST" duration-ms="3131" status="PASS">
          <reporter-output>
          </reporter-output>
        </test-method> <!-- setUp -->
        <test-method signature="checkout_shouldCompleteOrder()[pri:1, instance:com.example.tests.CheckoutTests@394df057]" started-at="2025-09-07T14:31:27 IST" name="checkout_shouldCompleteOrder" finished-at="2025-09-07T14:31:28 IST" duration-ms="1223" status="PASS">
          <reporter-output>
          </reporter-output>
        </test-method> <!-- checkout_shouldCompleteOrder -->
        <test-method is-config="true" signature="tearDown()[pri:0, instance:com.example.tests.CheckoutTests@394df057]" started-at="2025-09-07T14:31:28 IST" name="tearDown" finished-at="2025-09-07T14:31:29 IST" duration-ms="217" status="PASS">
          <reporter-output>
          </reporter-output>
        </test-method> <!-- tearDown -->
        <test-method is-config="true" signature="setUp()[pri:0, instance:com.example.tests.CheckoutTests@394df057]" started-at="2025-09-07T14:31:29 IST" name="setUp" finished-at="2025-09-07T14:31:30 IST" duration-ms="1603" status="PASS">
          <reporter-output>
          </reporter-output>
        </test-method> <!-- setUp -->
        <test-method signature="checkout_missingFirstName_shouldShowError()[pri:2, instance:com.example.tests.CheckoutTests@394df057]" started-at="2025-09-07T14:31:30 IST" name="checkout_missingFirstName_shouldShowError" finished-at="2025-09-07T14:31:33 IST" duration-ms="3006" status="PASS">
          <reporter-output>
          </reporter-output>
        </test-method> <!-- checkout_missingFirstName_shouldShowError -->
        <test-method is-config="true" signature="tearDown()[pri:0, instance:com.example.tests.CheckoutTests@394df057]" started-at="2025-09-07T14:31:33 IST" name="tearDown" finished-at="2025-09-07T14:31:34 IST" duration-ms="252" status="PASS">
          <reporter-output>
          </reporter-output>
        </test-method> <!-- tearDown -->
        <test-method is-config="true" signature="setUp()[pri:0, instance:com.example.tests.CheckoutTests@394df057]" started-at="2025-09-07T14:31:34 IST" name="setUp" finished-at="2025-09-07T14:31:37 IST" duration-ms="3332" status="PASS">
          <reporter-output>
          </reporter-output>
        </test-method> <!-- setUp -->
        <test-method signature="checkout_missingLastName_shouldShowError()[pri:3, instance:com.example.tests.CheckoutTests@394df057]" started-at="2025-09-07T14:31:37 IST" name="checkout_missingLastName_shouldShowError" finished-at="2025-09-07T14:31:38 IST" duration-ms="1240" status="PASS">
          <reporter-output>
          </reporter-output>
        </test-method> <!-- checkout_missingLastName_shouldShowError -->
        <test-method is-config="true" signature="tearDown()[pri:0, instance:com.example.tests.CheckoutTests@394df057]" started-at="2025-09-07T14:31:38 IST" name="tearDown" finished-at="2025-09-07T14:31:38 IST" duration-ms="214" status="PASS">
          <reporter-output>
          </reporter-output>
        </test-method> <!-- tearDown -->
        <test-method is-config="true" signature="setUp()[pri:0, instance:com.example.tests.CheckoutTests@394df057]" started-at="2025-09-07T14:31:38 IST" name="setUp" finished-at="2025-09-07T14:31:42 IST" duration-ms="3125" status="PASS">
          <reporter-output>
          </reporter-output>
        </test-method> <!-- setUp -->
        <test-method signature="checkout_missingPostalCode_shouldShowError()[pri:4, instance:com.example.tests.CheckoutTests@394df057]" started-at="2025-09-07T14:31:42 IST" name="checkout_missingPostalCode_shouldShowError" finished-at="2025-09-07T14:31:44 IST" duration-ms="2028" status="PASS">
          <reporter-output>
          </reporter-output>
        </test-method> <!-- checkout_missingPostalCode_shouldShowError -->
        <test-method is-config="true" signature="tearDown()[pri:0, instance:com.example.tests.CheckoutTests@394df057]" started-at="2025-09-07T14:31:44 IST" name="tearDown" finished-at="2025-09-07T14:31:44 IST" duration-ms="409" status="PASS">
          <reporter-output>
          </reporter-output>
        </test-method> <!-- tearDown -->
      </class> <!-- com.example.tests.CheckoutTests -->
    </test> <!-- Regression -->
    <test started-at="2025-09-07T14:31:44 IST" name="Cucumber BDD Tests" finished-at="2025-09-07T14:32:00 IST" duration-ms="15365">
      <class name="com.example.runners.TestRunner">
        <test-method is-config="true" signature="setUpClass(org.testng.ITestContext)[pri:0, instance:com.example.runners.TestRunner@1649b0e6]" started-at="2025-09-07T14:31:44 IST" name="setUpClass" finished-at="2025-09-07T14:31:45 IST" duration-ms="966" status="PASS">
          <params>
            <param index="0">
              <value>
                <![CDATA[org.testng.TestRunner@6de9bba2]]>
              </value>
            </param>
          </params>
          <reporter-output>
          </reporter-output>
        </test-method> <!-- setUpClass -->
        <test-method signature="runScenario(io.cucumber.testng.PickleWrapper,io.cucumber.testng.FeatureWrapper)[pri:0, instance:com.example.runners.TestRunner@1649b0e6]" started-at="2025-09-07T14:31:45 IST" name="runScenario" description="Runs Cucumber Scenarios" data-provider="scenarios" finished-at="2025-09-07T14:31:51 IST" duration-ms="6023" status="PASS">
          <params>
            <param index="0">
              <value>
                <![CDATA["Verify inventory page title"]]>
              </value>
            </param>
            <param index="1">
              <value>
                <![CDATA["Inventory Page"]]>
              </value>
            </param>
          </params>
          <reporter-output>
          </reporter-output>
        </test-method> <!-- runScenario -->
        <test-method signature="runScenario(io.cucumber.testng.PickleWrapper,io.cucumber.testng.FeatureWrapper)[pri:0, instance:com.example.runners.TestRunner@1649b0e6]" started-at="2025-09-07T14:31:51 IST" name="runScenario" description="Runs Cucumber Scenarios" data-provider="scenarios" finished-at="2025-09-07T14:31:56 IST" duration-ms="4348" status="PASS">
          <params>
            <param index="0">
              <value>
                <![CDATA["Add first item to cart should increase cart badge"]]>
              </value>
            </param>
            <param index="1">
              <value>
                <![CDATA["Inventory Page"]]>
              </value>
            </param>
          </params>
          <reporter-output>
          </reporter-output>
        </test-method> <!-- runScenario -->
        <test-method signature="runScenario(io.cucumber.testng.PickleWrapper,io.cucumber.testng.FeatureWrapper)[pri:0, instance:com.example.runners.TestRunner@1649b0e6]" started-at="2025-09-07T14:31:56 IST" name="runScenario" description="Runs Cucumber Scenarios" data-provider="scenarios" finished-at="2025-09-07T14:31:59 IST" duration-ms="3981" status="PASS">
          <params>
            <param index="0">
              <value>
                <![CDATA["Cart badge should not appear when no items added"]]>
              </value>
            </param>
            <param index="1">
              <value>
                <![CDATA["Inventory Page"]]>
              </value>
            </param>
          </params>
          <reporter-output>
          </reporter-output>
        </test-method> <!-- runScenario -->
        <test-method is-config="true" signature="tearDownClass()[pri:0, instance:com.example.runners.TestRunner@1649b0e6]" started-at="2025-09-07T14:31:59 IST" name="tearDownClass" finished-at="2025-09-07T14:32:00 IST" duration-ms="27" status="PASS">
          <reporter-output>
          </reporter-output>
        </test-method> <!-- tearDownClass -->
      </class> <!-- com.example.runners.TestRunner -->
    </test> <!-- Cucumber BDD Tests -->
  </suite> <!-- SauceDemo Suite -->
</testng-results>
