<?xml version="1.0" encoding="UTF-8"?>
<!-- Generated by org.testng.reporters.JUnitXMLReporter -->
<testsuite ignored="0" hostname="LAPTOP-GTC0RSB6" failures="0" tests="13" name="Regression" time="102.129" errors="0" timestamp="2025-09-07T14:31:44 IST">
  <testcase classname="com.example.tests.LoginTests" name="testValidLoginNavigatesToInventoryPage" time="0.546"/>
  <testcase classname="com.example.tests.LoginTests" name="invalidLogin_shouldShowError" time="0.433"/>
  <testcase classname="com.example.tests.LoginTests" name="invalidPassword_shouldShowError" time="1.859"/>
  <testcase classname="com.example.tests.LoginTests" name="blankCredentials_shouldShowError" time="1.793"/>
  <testcase classname="com.example.tests.LoginTests" name="blankPassword" time="0.392"/>
  <testcase classname="com.example.tests.CartTests" name="addItemToCart_shouldIncreaseCartCount" time="0.612"/>
  <testcase classname="com.example.tests.CartTests" name="addMultipleItems_shouldAppearInCart" time="2.167"/>
  <testcase classname="com.example.tests.CartTests" name="cartShouldPersistAfterNavigation" time="0.827"/>
  <testcase classname="com.example.tests.CartTests" name="removeItemFromCart_shouldDecreaseCartCount" time="23.077"/>
  <testcase classname="com.example.tests.CheckoutTests" name="checkout_shouldCompleteOrder" time="1.223"/>
  <testcase classname="com.example.tests.CheckoutTests" name="checkout_missingFirstName_shouldShowError" time="3.006"/>
  <testcase classname="com.example.tests.CheckoutTests" name="checkout_missingLastName_shouldShowError" time="1.24"/>
  <testcase classname="com.example.tests.CheckoutTests" name="checkout_missingPostalCode_shouldShowError" time="2.028"/>
</testsuite> <!-- Regression -->
